<?xml version="1.0" encoding="utf-8"?><testsuites><testsuite errors="0" failures="0" hostname="Gourav" name="pytest" skipped="0" tests="4" time="77.924" timestamp="2020-06-18T11:16:52.077012"><testcase classname="test_Orange_HRM.TestOrangeHRM" file="test_Orange_HRM.py" line="5" name="test_checkPresenceOfForgotPasswordText" time="10.451"></testcase><testcase classname="test_Orange_HRM.TestOrangeHRM" file="test_Orange_HRM.py" line="10" name="test_enterUsername" time="25.767"></testcase><testcase classname="test_Orange_HRM.TestOrangeHRM" file="test_Orange_HRM.py" line="13" name="test_enterPassword" time="40.655"></testcase><testcase classname="test_Orange_HRM.TestOrangeHRM" file="test_Orange_HRM.py" line="16" name="test_clickLoginButton" time="0.882"></testcase></testsuite></testsuites>